<?xml version="1.0" encoding="UTF-8"?>
<testsuite xmlns:xsi="http://www.w3.org/2001/XMLSchema-instance" xsi:schemaLocation="https://maven.apache.org/surefire/maven-surefire-plugin/xsd/surefire-test-report.xsd" name="MdLinkCheckerTest" time="0.931" tests="11" errors="0" skipped="0" failures="0">
  <properties>
    <property name="java.runtime.name" value="Java(TM) SE Runtime Environment"/>
    <property name="sun.boot.library.path" value="C:\Program Files\Java\jdk1.8.0_65\jre\bin"/>
    <property name="java.vm.version" value="25.65-b01"/>
    <property name="java.vm.vendor" value="Oracle Corporation"/>
    <property name="maven.multiModuleProjectDirectory" value="C:\Users\Yusuke\Documents\GitHub\ys-java\maven\linkcheck"/>
    <property name="java.vendor.url" value="http://java.oracle.com/"/>
    <property name="path.separator" value=";"/>
    <property name="guice.disable.misplaced.annotation.check" value="true"/>
    <property name="java.vm.name" value="Java HotSpot(TM) 64-Bit Server VM"/>
    <property name="file.encoding.pkg" value="sun.io"/>
    <property name="user.script" value=""/>
    <property name="user.country" value="JP"/>
    <property name="sun.java.launcher" value="SUN_STANDARD"/>
    <property name="sun.os.patch.level" value=""/>
    <property name="java.vm.specification.name" value="Java Virtual Machine Specification"/>
    <property name="user.dir" value="C:\Users\Yusuke\Documents\GitHub\ys-java\maven\linkcheck"/>
    <property name="java.runtime.version" value="1.8.0_65-b17"/>
    <property name="java.awt.graphicsenv" value="sun.awt.Win32GraphicsEnvironment"/>
    <property name="java.endorsed.dirs" value="C:\Program Files\Java\jdk1.8.0_65\jre\lib\endorsed"/>
    <property name="os.arch" value="amd64"/>
    <property name="java.io.tmpdir" value="C:\Users\Yusuke\AppData\Local\Temp\"/>
    <property name="line.separator" value="&#10;"/>
    <property name="java.vm.specification.vendor" value="Oracle Corporation"/>
    <property name="user.variant" value=""/>
    <property name="os.name" value="Windows 10"/>
    <property name="classworlds.conf" value="C:\private\programs\maven\apache-maven-3.5.2\bin\..\bin\m2.conf"/>
    <property name="sun.jnu.encoding" value="MS932"/>
    <property name="java.library.path" value="C:\Program Files\Java\jdk1.8.0_65\bin;C:\WINDOWS\Sun\Java\bin;C:\WINDOWS\system32;C:\WINDOWS;C:\ProgramData\DockerDesktop\version-bin;C:\Program Files\Docker\Docker\Resources\bin;C:\Program Files (x86)\Common Files\Oracle\Java\javapath;C:\ProgramData\Oracle\Java\javapath;C:\Program Files (x86)\Intel\iCLS Client\;C:\Program Files\Intel\iCLS Client\;C:\WINDOWS\system32;C:\WINDOWS;C:\WINDOWS\System32\Wbem;C:\WINDOWS\System32\WindowsPowerShell\v1.0\;C:\Program Files\Intel\WiFi\bin\;C:\Program Files\Common Files\Intel\WirelessCommon\;C:\Program Files\Intel\Intel(R) Management Engine Components\DAL;C:\Program Files (x86)\Intel\Intel(R) Management Engine Components\DAL;C:\Program Files\Intel\Intel(R) Management Engine Components\IPT;C:\Program Files (x86)\Intel\Intel(R) Management Engine Components\IPT;C:\Program Files\Java\jdk1.8.0_65\bin;C:\Users\Yusuke\AppData\Local\GitHub\PortableGit_25d850739bc178b2eb13c3e2a9faafea2f9143c0\mingw32\libexec\git-core;C:\Users\Yusuke\AppData\Local\GitHub\PortableGit_25d850739bc178b2eb13c3e2a9faafea2f9143c0\usr\bin;C:\private\programs\maven\apache-maven-3.5.2\bin;C:\Program Files\kotlinc\bin;C:\Program Files\Git\cmd;C:\Program Files\wkhtmltopdf\bin;;C:\WINDOWS\System32\OpenSSH\;C:\Program Files\PuTTY\;C:\Program Files\nodejs\;C:\Users\Yusuke\AppData\Local\Programs\Python\Python36\Scripts\;C:\Users\Yusuke\AppData\Local\Programs\Python\Python36\;C:\Users\Yusuke\AppData\Local\Programs\Python\Python37\Scripts\;C:\Users\Yusuke\AppData\Local\Programs\Python\Python37\;C:\Users\Yusuke\AppData\Local\Microsoft\WindowsApps;C:\Users\Yusuke\AppData\Local\atom\bin;C:\Program Files\MongoDB\Server\3.4\bin;C:\Users\Yusuke\AppData\Local\Microsoft\WindowsApps;C:\Program Files\@lightware\pandoc-2.2;C:\Users\Yusuke\AppData\Roaming\npm;C:\Users\Yusuke\AppData\Local\Programs\Microsoft VS Code\bin;;."/>
    <property name="maven.conf" value="C:\private\programs\maven\apache-maven-3.5.2\bin\../conf"/>
    <property name="java.specification.name" value="Java Platform API Specification"/>
    <property name="java.class.version" value="52.0"/>
    <property name="sun.management.compiler" value="HotSpot 64-Bit Tiered Compilers"/>
    <property name="os.version" value="10.0"/>
    <property name="library.jansi.path" value="C:\private\programs\maven\apache-maven-3.5.2\bin\..\lib\jansi-native"/>
    <property name="user.home" value="C:\Users\Yusuke"/>
    <property name="user.timezone" value="Asia/Tokyo"/>
    <property name="java.awt.printerjob" value="sun.awt.windows.WPrinterJob"/>
    <property name="java.specification.version" value="1.8"/>
    <property name="file.encoding" value="MS932"/>
    <property name="user.name" value="Yusuke"/>
    <property name="java.class.path" value="C:\private\programs\maven\apache-maven-3.5.2\bin\..\boot\plexus-classworlds-2.5.2.jar"/>
    <property name="java.vm.specification.version" value="1.8"/>
    <property name="sun.arch.data.model" value="64"/>
    <property name="java.home" value="C:\Program Files\Java\jdk1.8.0_65\jre"/>
    <property name="sun.java.command" value="org.codehaus.plexus.classworlds.launcher.Launcher package"/>
    <property name="java.specification.vendor" value="Oracle Corporation"/>
    <property name="user.language" value="ja"/>
    <property name="awt.toolkit" value="sun.awt.windows.WToolkit"/>
    <property name="java.vm.info" value="mixed mode"/>
    <property name="java.version" value="1.8.0_65"/>
    <property name="java.ext.dirs" value="C:\Program Files\Java\jdk1.8.0_65\jre\lib\ext;C:\WINDOWS\Sun\Java\lib\ext"/>
    <property name="sun.boot.class.path" value="C:\Program Files\Java\jdk1.8.0_65\jre\lib\resources.jar;C:\Program Files\Java\jdk1.8.0_65\jre\lib\rt.jar;C:\Program Files\Java\jdk1.8.0_65\jre\lib\sunrsasign.jar;C:\Program Files\Java\jdk1.8.0_65\jre\lib\jsse.jar;C:\Program Files\Java\jdk1.8.0_65\jre\lib\jce.jar;C:\Program Files\Java\jdk1.8.0_65\jre\lib\charsets.jar;C:\Program Files\Java\jdk1.8.0_65\jre\lib\jfr.jar;C:\Program Files\Java\jdk1.8.0_65\jre\classes"/>
    <property name="sun.stderr.encoding" value="ms932"/>
    <property name="java.vendor" value="Oracle Corporation"/>
    <property name="maven.home" value="C:\private\programs\maven\apache-maven-3.5.2\bin\.."/>
    <property name="file.separator" value="\"/>
    <property name="java.vendor.url.bug" value="http://bugreport.sun.com/bugreport/"/>
    <property name="sun.cpu.endian" value="little"/>
    <property name="sun.io.unicode.encoding" value="UnicodeLittle"/>
    <property name="sun.desktop" value="windows"/>
    <property name="sun.cpu.isalist" value="amd64"/>
  </properties>
  <testcase name="test" classname="MdLinkCheckerTest$実際の文書" time="0.831"/>
  <testcase name="HTML画像の正規表現" classname="MdLinkCheckerTest$パターンマッチング" time="0"/>
  <testcase name="HTMLリンクの正規表現" classname="MdLinkCheckerTest$パターンマッチング" time="0"/>
  <testcase name="MDリンクの正規表現" classname="MdLinkCheckerTest$パターンマッチング" time="0"/>
  <testcase name="MD画像の正規表現" classname="MdLinkCheckerTest$パターンマッチング" time="0"/>
  <testcase name="cutCommentsテスト" classname="MdLinkCheckerTest$コンストラクタ" time="0.001"/>
  <testcase name="コンストラクタ設定" classname="MdLinkCheckerTest$コンストラクタ" time="0"/>
  <testcase name="cutCommentsまで通しテスト" classname="MdLinkCheckerTest$コンストラクタ" time="0.005"/>
  <testcase name="全ファイル読み込み" classname="MdLinkCheckerTest$コンストラクタ" time="0.003"/>
  <testcase name="ファイル読み込み" classname="MdLinkCheckerTest$コンストラクタ" time="0.004"/>
  <testcase name="toUrlPathテスト" classname="MdLinkCheckerTest$コンストラクタ" time="0.002"/>
</testsuite>